{
  "stats": {
    "suites": 1,
    "tests": 2,
    "passes": 2,
    "pending": 0,
    "failures": 0,
    "start": "2024-01-18T16:06:55.406Z",
    "end": "2024-01-18T16:06:56.520Z",
    "duration": 1114,
    "testsRegistered": 2,
    "passPercent": 100,
    "pendingPercent": 0,
    "other": 0,
    "hasOther": false,
    "skipped": 0,
    "hasSkipped": false
  },
  "results": [
    {
      "uuid": "5c40c862-b1d6-4e7d-ac9f-f0ead3b1101f",
      "title": "",
      "fullFile": "D:\\KODINGAN\\Javascript\\myskill-portofolio\\test\\api\\chaiAssert.js",
      "file": "\\test\\api\\chaiAssert.js",
      "beforeHooks": [],
      "afterHooks": [],
      "tests": [],
      "suites": [
        {
          "uuid": "7ee999e9-b91b-437d-b502-c15cf55b6067",
          "title": "Post Request Example",
          "fullFile": "D:\\KODINGAN\\Javascript\\myskill-portofolio\\test\\api\\chaiAssert.js",
          "file": "\\test\\api\\chaiAssert.js",
          "beforeHooks": [],
          "afterHooks": [],
          "tests": [
            {
              "title": "response status equal to 200",
              "fullTitle": "Post Request Example response status equal to 200",
              "timedOut": false,
              "duration": 1104,
              "state": "passed",
              "speed": "slow",
              "pass": true,
              "fail": false,
              "pending": false,
              "context": null,
              "code": "// Check response status sama dengan 200\nexpect((await response).status).to.equal(200)",
              "err": {},
              "uuid": "927d9821-0f2f-4a30-a76b-0baf27c3e26c",
              "parentUUID": "7ee999e9-b91b-437d-b502-c15cf55b6067",
              "isHook": false,
              "skipped": false
            },
            {
              "title": "response body to haveOwnProperty",
              "fullTitle": "Post Request Example response body to haveOwnProperty",
              "timedOut": false,
              "duration": 1,
              "state": "passed",
              "speed": "fast",
              "pass": true,
              "fail": false,
              "pending": false,
              "context": null,
              "code": "// Expect dalam body response terdapat value 'message'\nexpect((await response).body).to.haveOwnProperty('message')",
              "err": {},
              "uuid": "c1dbfcaa-1130-418b-9c91-3179aeb57f6f",
              "parentUUID": "7ee999e9-b91b-437d-b502-c15cf55b6067",
              "isHook": false,
              "skipped": false
            }
          ],
          "suites": [],
          "passes": [
            "927d9821-0f2f-4a30-a76b-0baf27c3e26c",
            "c1dbfcaa-1130-418b-9c91-3179aeb57f6f"
          ],
          "failures": [],
          "pending": [],
          "skipped": [],
          "duration": 1105,
          "root": false,
          "rootEmpty": false,
          "_timeout": 2000
        }
      ],
      "passes": [],
      "failures": [],
      "pending": [],
      "skipped": [],
      "duration": 0,
      "root": true,
      "rootEmpty": true,
      "_timeout": 2000
    }
  ],
  "meta": {
    "mocha": {
      "version": "10.2.0"
    },
    "mochawesome": {
      "options": {
        "quiet": false,
        "reportFilename": "mochawesome",
        "saveHtml": true,
        "saveJson": true,
        "consoleReporter": "spec",
        "useInlineDiffs": false,
        "code": true
      },
      "version": "7.1.3"
    },
    "marge": {
      "options": null,
      "version": "6.2.0"
    }
  }
}